 
****************************************
Report : area
Design : bisr_weight_allocation_1
Version: O-2018.06
Date   : Tue Jul 29 02:59:45 2025
****************************************

Library(s) Used:

    slow (File: /home/wuyifan/Desktop/0728/Lib/slow.db)

Number of ports:                          534
Number of nets:                          3664
Number of cells:                         3183
Number of combinational cells:           2510
Number of sequential cells:               670
Number of macros/black boxes:               0
Number of buf/inv:                       1371
Number of references:                      37

Combinational area:              12633.768181
Buf/Inv area:                     4794.552087
Noncombinational area:           12608.366872
Macro/Black Box area:                0.000000
Net Interconnect area:          333015.048798

Total cell area:                 25242.135052
Total area:                     358257.183850
1
