 
****************************************
Report : power
        -analysis_effort low
Design : bisr_weight_allocation_1
Version: O-2018.06
Date   : Tue Jul 29 02:59:45 2025
****************************************


Library(s) Used:

    slow (File: /home/wuyifan/Desktop/0728/Lib/slow.db)


Operating Conditions: slow   Library: slow
Wire Load Model Mode: top

Design        Wire Load Model            Library
------------------------------------------------
bisr_weight_allocation_1
                       tsmc090_wl10      slow


Global Operating Voltage = 0.9  
Power-specific unit information :
    Voltage Units = 1V
    Capacitance Units = 1.000000pf
    Time Units = 1ns
    Dynamic Power Units = 1mW    (derived from V,C,T units)
    Leakage Power Units = 1pW


  Cell Internal Power  =   1.8361 mW   (78%)
  Net Switching Power  = 528.3648 uW   (22%)
                         ---------
Total Dynamic Power    =   2.3645 mW  (100%)

Cell Leakage Power     = 106.8491 uW


                 Internal         Switching           Leakage            Total
Power Group      Power            Power               Power              Power   (   %    )  Attrs
--------------------------------------------------------------------------------------------------
io_pad             0.0000            0.0000            0.0000            0.0000  (   0.00%)
memory             0.0000            0.0000            0.0000            0.0000  (   0.00%)
black_box          0.0000            0.0000            0.0000            0.0000  (   0.00%)
clock_network      0.0000            0.0000            0.0000            0.0000  (   0.00%)
register           1.7042        3.4459e-02        3.4392e+07            1.7731  (  71.75%)
sequential         0.0000            0.0000            0.0000            0.0000  (   0.00%)
combinational      0.1319            0.4939        7.2457e+07            0.6983  (  28.25%)
--------------------------------------------------------------------------------------------------
Total              1.8361 mW         0.5284 mW     1.0685e+08 pW         2.4713 mW
1
