 
****************************************
Report : timing
        -path full
        -delay max
        -max_paths 1
Design : bisr_weight_allocation_1
Version: O-2018.06
Date   : Tue Jul 29 02:59:45 2025
****************************************

Operating Conditions: slow   Library: slow
Wire Load Model Mode: top

  Startpoint: input_weights[32]
              (input port clocked by clk)
  Endpoint: faulty_pe_inst/faulty_row_addr_reg[0]
            (rising edge-triggered flip-flop clocked by clk)
  Path Group: clk
  Path Type: max

  Des/Clust/Port     Wire Load Model       Library
  ------------------------------------------------
  bisr_weight_allocation_1
                     tsmc090_wl10          slow

  Point                                                   Incr       Path
  --------------------------------------------------------------------------
  clock clk (rise edge)                                   0.00       0.00
  clock network delay (ideal)                             0.10       0.10
  input external delay                                    0.50       0.60 f
  input_weights[32] (in)                                  0.00       0.60 f
  U329/Y (NOR2X8)                                         0.08       0.69 r
  U330/Y (AND4X8)                                         0.14       0.82 r
  faulty_pe_inst/zero_weight_flags[4] (faulty_pe_storage_SYSTOLIC_SIZE8_FAULTY_STORAGE_DEPTH8_STORAGE_ADDR_WIDTH3_ADDR_WIDTH3)
                                                          0.00       0.82 r
  faulty_pe_inst/U655/Y (NAND2BX8)                        0.07       0.90 r
  faulty_pe_inst/U759/Y (AND3X8)                          0.10       0.99 r
  faulty_pe_inst/U728/Y (AND4X8)                          0.12       1.12 r
  faulty_pe_inst/U661/Y (INVX16)                          0.04       1.16 f
  faulty_pe_inst/U718/Y (OR3X8)                           0.10       1.26 f
  faulty_pe_inst/U682/Y (AND3X8)                          0.10       1.36 f
  faulty_pe_inst/U683/Y (NAND2X8)                         0.04       1.41 r
  faulty_pe_inst/U703/Y (AOI21X8)                         0.05       1.46 f
  faulty_pe_inst/U764/Y (NAND2BX8)                        0.11       1.56 f
  faulty_pe_inst/U765/Y (BUFX20)                          0.09       1.65 f
  faulty_pe_inst/U841/Y (NAND2X8)                         0.04       1.70 r
  faulty_pe_inst/U889/Y (NAND2X8)                         0.06       1.76 f
  faulty_pe_inst/U804/Y (CLKINVX16)                       0.04       1.80 r
  faulty_pe_inst/U808/Y (OAI21X8)                         0.06       1.86 f
  faulty_pe_inst/U1030/Y (INVX20)                         0.07       1.92 r
  faulty_pe_inst/U807/Y (MXI2X6)                          0.08       2.01 f
  faulty_pe_inst/U837/Y (AOI21X8)                         0.10       2.11 r
  faulty_pe_inst/U835/Y (OAI21X8)                         0.08       2.18 f
  faulty_pe_inst/U834/Y (CLKNAND2X12)                     0.07       2.25 r
  faulty_pe_inst/U824/Y (INVX16)                          0.04       2.28 f
  faulty_pe_inst/U823/Y (NOR2X8)                          0.08       2.36 r
  faulty_pe_inst/U822/Y (MXI2X8)                          0.11       2.47 r
  faulty_pe_inst/U820/Y (NOR2X8)                          0.05       2.52 f
  faulty_pe_inst/U819/Y (NOR2X8)                          0.09       2.61 r
  faulty_pe_inst/U798/Y (NAND3X8)                         0.08       2.68 f
  faulty_pe_inst/U991/Y (CLKNAND2X12)                     0.08       2.76 r
  faulty_pe_inst/U911/Y (INVX20)                          0.04       2.80 f
  faulty_pe_inst/U1021/Y (NAND2X6)                        0.05       2.85 r
  faulty_pe_inst/U936/Y (NAND4X8)                         0.10       2.95 f
  faulty_pe_inst/U787/Y (NAND3X8)                         0.09       3.04 r
  faulty_pe_inst/U1017/Y (CLKINVX24)                      0.07       3.11 f
  faulty_pe_inst/U680/Y (MXI2X8)                          0.09       3.20 r
  faulty_pe_inst/U19/Y (INVX16)                           0.05       3.25 f
  faulty_pe_inst/U678/Y (AO2B2X4)                         0.17       3.42 f
  faulty_pe_inst/U675/Y (BUFX20)                          0.09       3.51 f
  faulty_pe_inst/U673/Y (CLKNAND2X12)                     0.03       3.54 r
  faulty_pe_inst/U674/Y (OAI2BB1X4)                       0.11       3.65 r
  faulty_pe_inst/U732/Y (NAND3X8)                         0.08       3.72 f
  faulty_pe_inst/U729/Y (NAND2X8)                         0.07       3.79 r
  faulty_pe_inst/U731/Y (AND2X8)                          0.11       3.90 r
  faulty_pe_inst/U750/Y (AND2X8)                          0.10       4.00 r
  faulty_pe_inst/U40/Y (INVX18)                           0.05       4.05 f
  faulty_pe_inst/U54/Y (OR2X8)                            0.09       4.14 f
  faulty_pe_inst/U64/Y (AND3X8)                           0.09       4.23 f
  faulty_pe_inst/U63/Y (OAI211X4)                         0.11       4.34 r
  faulty_pe_inst/faulty_row_addr_reg[0]/D (DFFRQXL)       0.00       4.34 r
  data arrival time                                                  4.34

  clock clk (rise edge)                                   4.00       4.00
  clock network delay (ideal)                             0.10       4.10
  clock uncertainty                                      -0.50       3.60
  faulty_pe_inst/faulty_row_addr_reg[0]/CK (DFFRQXL)      0.00       3.60 r
  library setup time                                     -0.15       3.45
  data required time                                                 3.45
  --------------------------------------------------------------------------
  data required time                                                 3.45
  data arrival time                                                 -4.34
  --------------------------------------------------------------------------
  slack (VIOLATED)                                                  -0.89


1
