# do {Array_8x8_tb_compile.do}
# Model Technology ModelSim - Intel FPGA Edition vmap 2021.1 Lib Mapping Utility 2021.02 Feb  3 2021
# vmap xil_defaultlib modelsim_lib/msim/xil_defaultlib 
# Copying C:/intelFPGA_pro/21.1/modelsim_ase/win32aloem/../modelsim.ini to modelsim.ini
# Modifying modelsim.ini
# Model Technology ModelSim - Intel FPGA Edition vlog 2021.1 Compiler 2021.02 Feb  3 2021
# Start time: 20:16:11 on Jul 13,2025
# vlog -incr -mfcu -work xil_defaultlib ../../../../../Array_8x8.v ../../../../../PE_STRAIT.v ../../../../../Array_8x8_tb.v 
# -- Compiling module PE_Array_8x8
# -- Compiling module STRAIT_PE
# -- Compiling module MAC
# -- Compiling module Array_8x8_tb
# 
# Top level modules:
# 	Array_8x8_tb
# End time: 20:16:11 on Jul 13,2025, Elapsed time: 0:00:00
# Errors: 0, Warnings: 0
# Model Technology ModelSim - Intel FPGA Edition vlog 2021.1 Compiler 2021.02 Feb  3 2021
# Start time: 20:16:11 on Jul 13,2025
# vlog -work xil_defaultlib glbl.v 
# -- Compiling module glbl
# 
# Top level modules:
# 	glbl
# End time: 20:16:11 on Jul 13,2025, Elapsed time: 0:00:00
# Errors: 0, Warnings: 0
