 
****************************************
Report : power
        -analysis_effort low
Design : Activation_mem_1
Version: O-2018.06
Date   : Tue Jul 29 03:04:32 2025
****************************************


Library(s) Used:

    slow (File: /home/wuyifan/Desktop/0728/Lib/slow.db)


Operating Conditions: slow   Library: slow
Wire Load Model Mode: top

Design        Wire Load Model            Library
------------------------------------------------
Activation_mem_1       tsmc090_wl10      slow


Global Operating Voltage = 0.9  
Power-specific unit information :
    Voltage Units = 1V
    Capacitance Units = 1.000000pf
    Time Units = 1ns
    Dynamic Power Units = 1mW    (derived from V,C,T units)
    Leakage Power Units = 1pW


  Cell Internal Power  =   1.1864 mW   (83%)
  Net Switching Power  = 245.3382 uW   (17%)
                         ---------
Total Dynamic Power    =   1.4317 mW  (100%)

Cell Leakage Power     =  34.7755 uW


                 Internal         Switching           Leakage            Total
Power Group      Power            Power               Power              Power   (   %    )  Attrs
--------------------------------------------------------------------------------------------------
io_pad             0.0000            0.0000            0.0000            0.0000  (   0.00%)
memory             0.0000            0.0000            0.0000            0.0000  (   0.00%)
black_box          0.0000            0.0000            0.0000            0.0000  (   0.00%)
clock_network      0.0000            0.0000            0.0000            0.0000  (   0.00%)
register           1.1583        7.7214e-03        2.5430e+07            1.1914  (  81.24%)
sequential         0.0000            0.0000            0.0000            0.0000  (   0.00%)
combinational  2.8116e-02            0.2376        9.3458e+06            0.2751  (  18.76%)
--------------------------------------------------------------------------------------------------
Total              1.1864 mW         0.2453 mW     3.4776e+07 pW         1.4665 mW
1
