 
****************************************
Report : area
Design : STRAIT_PE_1
Version: O-2018.06
Date   : Mon Jul 28 02:51:19 2025
****************************************

Library(s) Used:

    slow (File: /home/wuyifan/Desktop/0728/Lib/slow.db)

Number of ports:                          256
Number of nets:                           877
Number of cells:                          635
Number of combinational cells:            589
Number of sequential cells:                43
Number of macros/black boxes:               0
Number of buf/inv:                        260
Number of references:                      22

Combinational area:               3707.222455
Buf/Inv area:                      822.729615
Noncombinational area:             659.030407
Macro/Black Box area:                0.000000
Net Interconnect area:           55813.612183

Total cell area:                  4366.252862
Total area:                      60179.865045
1
